============================= test session starts ==============================
platform linux -- Python 3.11.11, pytest-9.0.2, pluggy-1.5.0
rootdir: /home/csllpr/source/gRASPA
configfile: pytest.ini
testpaths: Examples
collected 1 item

Examples/test_examples.py checking CO2-MFI/output.txt

This simulation in CO2-MFI folder has a total energy drift of 0.0 (internal unit, 10 J/mol)

This simulation in CO2-MFI folder has a GPU final energy drift of -4e-05 (internal unit, 10 J/mol)

This simulation in CO2-MFI folder took 9.272864 seconds
checking Methane-TMMC/output.txt

This simulation in Methane-TMMC folder has a total energy drift of -0.0 (internal unit, 10 J/mol)

This simulation in Methane-TMMC folder has a GPU final energy drift of 0.0 (internal unit, 10 J/mol)

This simulation in Methane-TMMC folder took 5.117097 seconds
checking Bae-Mixture/output.txt

This simulation in Bae-Mixture folder has a total energy drift of -0.0 (internal unit, 10 J/mol)

This simulation in Bae-Mixture folder has a GPU final energy drift of 0.0 (internal unit, 10 J/mol)

This simulation in Bae-Mixture folder took 118.761611 seconds
checking NU2000-pX-LinkerRotations/output.txt

This simulation in NU2000-pX-LinkerRotations folder has a total energy drift of -0.00501 (internal unit, 10 J/mol)

This simulation in NU2000-pX-LinkerRotations folder has a GPU final energy drift of 0.00027 (internal unit, 10 J/mol)

This simulation in NU2000-pX-LinkerRotations folder took 9.17548 seconds
checking Tail-Correction/output.txt

This simulation in Tail-Correction folder has a total energy drift of -0.0 (internal unit, 10 J/mol)

This simulation in Tail-Correction folder has a GPU final energy drift of 0.0 (internal unit, 10 J/mol)

This simulation in Tail-Correction folder took 1.748722 seconds
.

============================== 1 passed in 0.08s ===============================
